# JRE version: OpenJDK Runtime Environment (21.0.9) (build 21.0.9+-14649483-b1163.86)
# Java VM: OpenJDK 64-Bit Server VM (21.0.9+-14649483-b1163.86, mixed mode, tiered, compressed oops, compressed class ptrs, g1 gc, windows-amd64)
GC Precious Log:
 CardTable entry size: 512
 Card Set container configuration: InlinePtr #cards 5 size 8 Array Of Cards #cards 12 size 40 Howl #buckets 4 coarsen threshold 1843 Howl Bitmap #cards 512 size 80 coarsen threshold 460 Card regions per heap region 1 cards per card region 2048
 CPUs: 8 total, 8 available
 Memory: 14282M
 Large Page Support: Disabled
 NUMA Support: Disabled
 Compressed Oops: Enabled (32-bit)
 Heap Region Size: 1M
 Heap Min Capacity: 8M
 Heap Initial Capacity: 224M
 Heap Max Capacity: 2G
 Pre-touch: Disabled
 Parallel Workers: 8
 Concurrent Workers: 2
 Concurrent Refinement Workers: 8
 Periodic GC: Disabled
Heap:
 garbage-first heap   total 420864K, used 296837K [0x0000000080000000, 0x0000000100000000)
  region size 1024K, 18 young (18432K), 11 survivors (11264K)
 Metaspace       used 221058K, committed 223872K, reserved 1245184K
  class space    used 28990K, committed 30336K, reserved 1048576K
GC Heap History (20 events):
Event: 624.701 GC heap before
{Heap before GC invocations=71 (full 0):
 garbage-first heap   total 367616K, used 340867K [0x0000000080000000, 0x0000000100000000)
  region size 1024K, 161 young (164864K), 20 survivors (20480K)
 Metaspace       used 210439K, committed 213184K, reserved 1245184K
  class space    used 27689K, committed 29056K, reserved 1048576K
}
Event: 624.729 GC heap after
{Heap after GC invocations=72 (full 0):
 garbage-first heap   total 377856K, used 212848K [0x0000000080000000, 0x0000000100000000)
  region size 1024K, 14 young (14336K), 14 survivors (14336K)
 Metaspace       used 210439K, committed 213184K, reserved 1245184K
  class space    used 27689K, committed 29056K, reserved 1048576K
}
Event: 626.230 GC heap before
{Heap before GC invocations=73 (full 0):
 garbage-first heap   total 377856K, used 348016K [0x0000000080000000, 0x0000000100000000)
  region size 1024K, 147 young (150528K), 14 survivors (14336K)
 Metaspace       used 211834K, committed 214592K, reserved 1245184K
  class space    used 27881K, committed 29248K, reserved 1048576K
}
Event: 626.246 GC heap after
{Heap after GC invocations=74 (full 0):
 garbage-first heap   total 377856K, used 215040K [0x0000000080000000, 0x0000000100000000)
  region size 1024K, 3 young (3072K), 3 survivors (3072K)
 Metaspace       used 211834K, committed 214592K, reserved 1245184K
  class space    used 27881K, committed 29248K, reserved 1048576K
}
Event: 626.946 GC heap before
{Heap before GC invocations=74 (full 0):
 garbage-first heap   total 377856K, used 352256K [0x0000000080000000, 0x0000000100000000)
  region size 1024K, 138 young (141312K), 3 survivors (3072K)
 Metaspace       used 211965K, committed 214720K, reserved 1245184K
  class space    used 27898K, committed 29248K, reserved 1048576K
}
Event: 626.956 GC heap after
{Heap after GC invocations=75 (full 0):
 garbage-first heap   total 377856K, used 212077K [0x0000000080000000, 0x0000000100000000)
  region size 1024K, 3 young (3072K), 3 survivors (3072K)
 Metaspace       used 211965K, committed 214720K, reserved 1245184K
  class space    used 27898K, committed 29248K, reserved 1048576K
}
Event: 628.843 GC heap before
{Heap before GC invocations=75 (full 0):
 garbage-first heap   total 377856K, used 356461K [0x0000000080000000, 0x0000000100000000)
  region size 1024K, 144 young (147456K), 3 survivors (3072K)
 Metaspace       used 212365K, committed 215104K, reserved 1245184K
  class space    used 27968K, committed 29312K, reserved 1048576K
}
Event: 628.851 GC heap after
{Heap after GC invocations=76 (full 0):
 garbage-first heap   total 377856K, used 213264K [0x0000000080000000, 0x0000000100000000)
  region size 1024K, 4 young (4096K), 4 survivors (4096K)
 Metaspace       used 212365K, committed 215104K, reserved 1245184K
  class space    used 27968K, committed 29312K, reserved 1048576K
}
Event: 632.540 GC heap before
{Heap before GC invocations=77 (full 0):
 garbage-first heap   total 377856K, used 361744K [0x0000000080000000, 0x0000000100000000)
  region size 1024K, 145 young (148480K), 4 survivors (4096K)
 Metaspace       used 216241K, committed 219072K, reserved 1245184K
  class space    used 28318K, committed 29696K, reserved 1048576K
}
Event: 632.549 GC heap after
{Heap after GC invocations=78 (full 0):
 garbage-first heap   total 377856K, used 219351K [0x0000000080000000, 0x0000000100000000)
  region size 1024K, 7 young (7168K), 7 survivors (7168K)
 Metaspace       used 216241K, committed 219072K, reserved 1245184K
  class space    used 28318K, committed 29696K, reserved 1048576K
}
Event: 633.879 GC heap before
{Heap before GC invocations=78 (full 0):
 garbage-first heap   total 377856K, used 356567K [0x0000000080000000, 0x0000000100000000)
  region size 1024K, 142 young (145408K), 7 survivors (7168K)
 Metaspace       used 216548K, committed 219328K, reserved 1245184K
  class space    used 28383K, committed 29696K, reserved 1048576K
}
Event: 633.892 GC heap after
{Heap after GC invocations=79 (full 0):
 garbage-first heap   total 377856K, used 207026K [0x0000000080000000, 0x0000000100000000)
  region size 1024K, 8 young (8192K), 8 survivors (8192K)
 Metaspace       used 216548K, committed 219328K, reserved 1245184K
  class space    used 28383K, committed 29696K, reserved 1048576K
}
Event: 634.733 GC heap before
{Heap before GC invocations=79 (full 0):
 garbage-first heap   total 377856K, used 266418K [0x0000000080000000, 0x0000000100000000)
  region size 1024K, 67 young (68608K), 8 survivors (8192K)
 Metaspace       used 216860K, committed 219648K, reserved 1245184K
  class space    used 28418K, committed 29760K, reserved 1048576K
}
Event: 634.741 GC heap after
{Heap after GC invocations=80 (full 0):
 garbage-first heap   total 377856K, used 207704K [0x0000000080000000, 0x0000000100000000)
  region size 1024K, 9 young (9216K), 9 survivors (9216K)
 Metaspace       used 216860K, committed 219648K, reserved 1245184K
  class space    used 28418K, committed 29760K, reserved 1048576K
}
Event: 636.330 GC heap before
{Heap before GC invocations=81 (full 0):
 garbage-first heap   total 377856K, used 375640K [0x0000000080000000, 0x0000000100000000)
  region size 1024K, 144 young (147456K), 9 survivors (9216K)
 Metaspace       used 218349K, committed 221120K, reserved 1245184K
  class space    used 28623K, committed 29952K, reserved 1048576K
}
Event: 636.343 GC heap after
{Heap after GC invocations=82 (full 0):
 garbage-first heap   total 392192K, used 244092K [0x0000000080000000, 0x0000000100000000)
  region size 1024K, 14 young (14336K), 14 survivors (14336K)
 Metaspace       used 218349K, committed 221120K, reserved 1245184K
  class space    used 28623K, committed 29952K, reserved 1048576K
}
Event: 637.539 GC heap before
{Heap before GC invocations=82 (full 0):
 garbage-first heap   total 397312K, used 395644K [0x0000000080000000, 0x0000000100000000)
  region size 1024K, 109 young (111616K), 14 survivors (14336K)
 Metaspace       used 220840K, committed 223616K, reserved 1245184K
  class space    used 28956K, committed 30336K, reserved 1048576K
}
Event: 637.559 GC heap after
{Heap after GC invocations=83 (full 0):
 garbage-first heap   total 420864K, used 266256K [0x0000000080000000, 0x0000000100000000)
  region size 1024K, 14 young (14336K), 14 survivors (14336K)
 Metaspace       used 220840K, committed 223616K, reserved 1245184K
  class space    used 28956K, committed 30336K, reserved 1048576K
}
Event: 637.561 GC heap before
{Heap before GC invocations=83 (full 0):
 garbage-first heap   total 420864K, used 266256K [0x0000000080000000, 0x0000000100000000)
  region size 1024K, 16 young (16384K), 14 survivors (14336K)
 Metaspace       used 220840K, committed 223616K, reserved 1245184K
  class space    used 28956K, committed 30336K, reserved 1048576K
}
Event: 637.570 GC heap after
{Heap after GC invocations=84 (full 0):
 garbage-first heap   total 420864K, used 267141K [0x0000000080000000, 0x0000000100000000)
  region size 1024K, 11 young (11264K), 11 survivors (11264K)
 Metaspace       used 220840K, committed 223616K, reserved 1245184K
  class space    used 28956K, committed 30336K, reserved 1048576K
}

